#
# There is insufficient memory for the Java Runtime Environment to continue.
# Native memory allocation (malloc) failed to allocate 32744 bytes for ChunkPool::allocate
# Possible reasons:
#   The system is out of physical RAM or swap space
#   The process is running with CompressedOops enabled, and the Java Heap may be blocking the growth of the native heap
# Possible solutions:
#   Reduce memory load on the system
#   Increase physical memory or swap space
#   Check if swap backing store is full
#   Decrease Java heap size (-Xmx/-Xms)
#   Decrease number of Java threads
#   Decrease Java thread stack sizes (-Xss)
#   Set larger code cache with -XX:ReservedCodeCacheSize=
#   JVM is running with Unscaled Compressed Oops mode in which the Java heap is
#     placed in the first 4GB address space. The Java Heap base address is the
#     maximum limit for the native heap growth. Please use -XX:HeapBaseMinAddress
#     to set the Java Heap base and to place the Java Heap above 4GB virtual address.
# This output file may be truncated or incomplete.
#
#  Out of Memory Error (./src/hotspot/share/memory/arena.cpp:81), pid=4696, tid=8472
#
# JRE version: OpenJDK Runtime Environment (11.0.11+9) (build 11.0.11+9-b60-7590822)
# Java VM: OpenJDK 64-Bit Server VM (11.0.11+9-b60-7590822, mixed mode, tiered, compressed oops, g1 gc, windows-amd64)
# No core dump will be written. Minidumps are not enabled by default on client versions of Windows
#

---------------  S U M M A R Y ------------

Command Line: org.jetbrains.git4idea.http.GitAskPassApp Username for 'https://github.com': 

Host: Intel(R) Core(TM) i5-5300U CPU @ 2.30GHz, 4 cores, 7G,  Windows 10 , 64 bit Build 17763 (10.0.17763.475)
Time: Tue Apr 12 17:31:14 2022 Pacific Daylight Time elapsed time: 0.204319 seconds (0d 0h 0m 0s)

---------------  T H R E A D  ---------------

Current thread (0x00000208a385f800):  JavaThread "C1 CompilerThread0" daemon [_thread_in_native, id=8472, stack(0x0000004bf5800000,0x0000004bf5900000)]


Current CompileTask:
C1:    204  189       3       jdk.internal.org.objectweb.asm.Frame::execute (2264 bytes)

Stack: [0x0000004bf5800000,0x0000004bf5900000]
Native frames: (J=compiled Java code, j=interpreted, Vv=VM code, C=native code)
V  [jvm.dll+0x5f214a]
V  [jvm.dll+0x726fb5]
V  [jvm.dll+0x7285cd]
V  [jvm.dll+0x728c83]
V  [jvm.dll+0x243278]
V  [jvm.dll+0xbc78b]
V  [jvm.dll+0xbca3c]
V  [jvm.dll+0x1811d3]
V  [jvm.dll+0x180e41]
V  [jvm.dll+0x123841]
V  [jvm.dll+0x123a9a]
V  [jvm.dll+0x123c93]
V  [jvm.dll+0x122fa7]
V  [jvm.dll+0x124b77]
V  [jvm.dll+0x209a57]
V  [jvm.dll+0x2082a1]
V  [jvm.dll+0x6ef58f]
V  [jvm.dll+0x6e80b5]
V  [jvm.dll+0x5f1036]
C  [ucrtbase.dll+0x2268a]
C  [KERNEL32.DLL+0x17974]
C  [ntdll.dll+0x5a0b1]


---------------  P R O C E S S  ---------------

Threads class SMR info:
_java_thread_list=0x00000208a430d970, length=10, elements={
0x0000020889d00000, 0x00000208a383d800, 0x00000208a383e800, 0x00000208a41b9800,
0x00000208a41bb800, 0x00000208a41bd000, 0x00000208a385c000, 0x00000208a385f800,
0x00000208a3862800, 0x00000208a4325800
}

Java Threads: ( => current thread )
  0x0000020889d00000 JavaThread "main" [_thread_blocked, id=11984, stack(0x0000004bf4b00000,0x0000004bf4c00000)]
  0x00000208a383d800 JavaThread "Reference Handler" daemon [_thread_blocked, id=8456, stack(0x0000004bf5200000,0x0000004bf5300000)]
  0x00000208a383e800 JavaThread "Finalizer" daemon [_thread_blocked, id=3196, stack(0x0000004bf5300000,0x0000004bf5400000)]
  0x00000208a41b9800 JavaThread "Signal Dispatcher" daemon [_thread_blocked, id=8588, stack(0x0000004bf5400000,0x0000004bf5500000)]
  0x00000208a41bb800 JavaThread "Attach Listener" daemon [_thread_blocked, id=7240, stack(0x0000004bf5500000,0x0000004bf5600000)]
  0x00000208a41bd000 JavaThread "Service Thread" daemon [_thread_blocked, id=6076, stack(0x0000004bf5600000,0x0000004bf5700000)]
  0x00000208a385c000 JavaThread "C2 CompilerThread0" daemon [_thread_blocked, id=4996, stack(0x0000004bf5700000,0x0000004bf5800000)]
=>0x00000208a385f800 JavaThread "C1 CompilerThread0" daemon [_thread_in_native, id=8472, stack(0x0000004bf5800000,0x0000004bf5900000)]
  0x00000208a3862800 JavaThread "Sweeper thread" daemon [_thread_blocked, id=12012, stack(0x0000004bf5900000,0x0000004bf5a00000)]
  0x00000208a4325800 JavaThread "Common-Cleaner" daemon [_thread_blocked, id=6024, stack(0x0000004bf5b00000,0x0000004bf5c00000)]

Other Threads:
  0x00000208a3817000 VMThread "VM Thread" [stack: 0x0000004bf5100000,0x0000004bf5200000] [id=8464]
  0x00000208a4316000 WatcherThread [stack: 0x0000004bf5a00000,0x0000004bf5b00000] [id=2500]
  0x0000020889d19800 GCTaskThread "GC Thread#0" [stack: 0x0000004bf4c00000,0x0000004bf4d00000] [id=4012]
  0x00000208a4419800 GCTaskThread "GC Thread#1" [stack: 0x0000004bf5c00000,0x0000004bf5d00000] [id=9560]
  0x0000020889d4a000 ConcurrentGCThread "G1 Main Marker" [stack: 0x0000004bf4d00000,0x0000004bf4e00000] [id=1872]
  0x0000020889d4b800 ConcurrentGCThread "G1 Conc#0" [stack: 0x0000004bf4e00000,0x0000004bf4f00000] [id=9312]
  0x0000020889dce000 ConcurrentGCThread "G1 Refine#0" [stack: 0x0000004bf4f00000,0x0000004bf5000000] [id=9372]
  0x00000208a3683800 ConcurrentGCThread "G1 Young RemSet Sampling" [stack: 0x0000004bf5000000,0x0000004bf5100000] [id=2092]

Threads with active compile tasks:
C1 CompilerThread0    237  189       3       jdk.internal.org.objectweb.asm.Frame::execute (2264 bytes)

VM state:at safepoint (normal execution)

VM Mutex/Monitor currently owned by a thread:  ([mutex/lock_event])
[0x0000020889cfb730] Threads_lock - owner thread: 0x00000208a3817000
[0x0000020889cfc390] Heap_lock - owner thread: 0x0000020889d00000

Heap address: 0x0000000081a00000, size: 2022 MB, Compressed Oops mode: 32-bit
Narrow klass base: 0x0000000000000000, Narrow klass shift: 3
Compressed class space size: 1073741824 Address: 0x0000000100000000

Heap:
 garbage-first heap   total 131072K, used 1886K [0x0000000081a00000, 0x0000000100000000)
  region size 1024K, 3 young (3072K), 1 survivors (1024K)
 Metaspace       used 5798K, capacity 5866K, committed 5888K, reserved 1056768K
  class space    used 497K, capacity 505K, committed 512K, reserved 1048576K
Heap Regions: E=young(eden), S=young(survivor), O=old, HS=humongous(starts), HC=humongous(continues), CS=collection set, F=free, A=archive, TAMS=top-at-mark-start (previous, next)
|   0|0x0000000081a00000, 0x0000000081a00000, 0x0000000081b00000|  0%| F|  |TAMS 0x0000000081a00000, 0x0000000081a00000| Untracked 
|   1|0x0000000081b00000, 0x0000000081b00000, 0x0000000081c00000|  0%| F|  |TAMS 0x0000000081b00000, 0x0000000081b00000| Untracked 
|   2|0x0000000081c00000, 0x0000000081c00000, 0x0000000081d00000|  0%| F|  |TAMS 0x0000000081c00000, 0x0000000081c00000| Untracked 
|   3|0x0000000081d00000, 0x0000000081d00000, 0x0000000081e00000|  0%| F|  |TAMS 0x0000000081d00000, 0x0000000081d00000| Untracked 
|   4|0x0000000081e00000, 0x0000000081e00000, 0x0000000081f00000|  0%| F|  |TAMS 0x0000000081e00000, 0x0000000081e00000| Untracked 
|   5|0x0000000081f00000, 0x0000000081f00000, 0x0000000082000000|  0%| F|  |TAMS 0x0000000081f00000, 0x0000000081f00000| Untracked 
|   6|0x0000000082000000, 0x0000000082000000, 0x0000000082100000|  0%| F|  |TAMS 0x0000000082000000, 0x0000000082000000| Untracked 
|   7|0x0000000082100000, 0x0000000082100000, 0x0000000082200000|  0%| F|  |TAMS 0x0000000082100000, 0x0000000082100000| Untracked 
|   8|0x0000000082200000, 0x0000000082200000, 0x0000000082300000|  0%| F|  |TAMS 0x0000000082200000, 0x0000000082200000| Untracked 
|   9|0x0000000082300000, 0x0000000082300000, 0x0000000082400000|  0%| F|  |TAMS 0x0000000082300000, 0x0000000082300000| Untracked 
|  10|0x0000000082400000, 0x0000000082400000, 0x0000000082500000|  0%| F|  |TAMS 0x0000000082400000, 0x0000000082400000| Untracked 
|  11|0x0000000082500000, 0x0000000082500000, 0x0000000082600000|  0%| F|  |TAMS 0x0000000082500000, 0x0000000082500000| Untracked 
|  12|0x0000000082600000, 0x0000000082600000, 0x0000000082700000|  0%| F|  |TAMS 0x0000000082600000, 0x0000000082600000| Untracked 
|  13|0x0000000082700000, 0x0000000082700000, 0x0000000082800000|  0%| F|  |TAMS 0x0000000082700000, 0x0000000082700000| Untracked 
|  14|0x0000000082800000, 0x0000000082800000, 0x0000000082900000|  0%| F|  |TAMS 0x0000000082800000, 0x0000000082800000| Untracked 
|  15|0x0000000082900000, 0x0000000082900000, 0x0000000082a00000|  0%| F|  |TAMS 0x0000000082900000, 0x0000000082900000| Untracked 
|  16|0x0000000082a00000, 0x0000000082a00000, 0x0000000082b00000|  0%| F|  |TAMS 0x0000000082a00000, 0x0000000082a00000| Untracked 
|  17|0x0000000082b00000, 0x0000000082b00000, 0x0000000082c00000|  0%| F|  |TAMS 0x0000000082b00000, 0x0000000082b00000| Untracked 
|  18|0x0000000082c00000, 0x0000000082c00000, 0x0000000082d00000|  0%| F|  |TAMS 0x0000000082c00000, 0x0000000082c00000| Untracked 
|  19|0x0000000082d00000, 0x0000000082d00000, 0x0000000082e00000|  0%| F|  |TAMS 0x0000000082d00000, 0x0000000082d00000| Untracked 
|  20|0x0000000082e00000, 0x0000000082e00000, 0x0000000082f00000|  0%| F|  |TAMS 0x0000000082e00000, 0x0000000082e00000| Untracked 
|  21|0x0000000082f00000, 0x0000000082f00000, 0x0000000083000000|  0%| F|  |TAMS 0x0000000082f00000, 0x0000000082f00000| Untracked 
|  22|0x0000000083000000, 0x0000000083000000, 0x0000000083100000|  0%| F|  |TAMS 0x0000000083000000, 0x0000000083000000| Untracked 
|  23|0x0000000083100000, 0x0000000083100000, 0x0000000083200000|  0%| F|  |TAMS 0x0000000083100000, 0x0000000083100000| Untracked 
|  24|0x0000000083200000, 0x0000000083200000, 0x0000000083300000|  0%| F|  |TAMS 0x0000000083200000, 0x0000000083200000| Untracked 
|  25|0x0000000083300000, 0x0000000083300000, 0x0000000083400000|  0%| F|  |TAMS 0x0000000083300000, 0x0000000083300000| Untracked 
|  26|0x0000000083400000, 0x0000000083400000, 0x0000000083500000|  0%| F|  |TAMS 0x0000000083400000, 0x0000000083400000| Untracked 
|  27|0x0000000083500000, 0x0000000083500000, 0x0000000083600000|  0%| F|  |TAMS 0x0000000083500000, 0x0000000083500000| Untracked 
|  28|0x0000000083600000, 0x0000000083600000, 0x0000000083700000|  0%| F|  |TAMS 0x0000000083600000, 0x0000000083600000| Untracked 
|  29|0x0000000083700000, 0x0000000083700000, 0x0000000083800000|  0%| F|  |TAMS 0x0000000083700000, 0x0000000083700000| Untracked 
|  30|0x0000000083800000, 0x0000000083800000, 0x0000000083900000|  0%| F|  |TAMS 0x0000000083800000, 0x0000000083800000| Untracked 
|  31|0x0000000083900000, 0x0000000083900000, 0x0000000083a00000|  0%| F|  |TAMS 0x0000000083900000, 0x0000000083900000| Untracked 
|  32|0x0000000083a00000, 0x0000000083a00000, 0x0000000083b00000|  0%| F|  |TAMS 0x0000000083a00000, 0x0000000083a00000| Untracked 
|  33|0x0000000083b00000, 0x0000000083b00000, 0x0000000083c00000|  0%| F|  |TAMS 0x0000000083b00000, 0x0000000083b00000| Untracked 
|  34|0x0000000083c00000, 0x0000000083c00000, 0x0000000083d00000|  0%| F|  |TAMS 0x0000000083c00000, 0x0000000083c00000| Untracked 
|  35|0x0000000083d00000, 0x0000000083d00000, 0x0000000083e00000|  0%| F|  |TAMS 0x0000000083d00000, 0x0000000083d00000| Untracked 
|  36|0x0000000083e00000, 0x0000000083e00000, 0x0000000083f00000|  0%| F|  |TAMS 0x0000000083e00000, 0x0000000083e00000| Untracked 
|  37|0x0000000083f00000, 0x0000000083f00000, 0x0000000084000000|  0%| F|  |TAMS 0x0000000083f00000, 0x0000000083f00000| Untracked 
|  38|0x0000000084000000, 0x0000000084000000, 0x0000000084100000|  0%| F|  |TAMS 0x0000000084000000, 0x0000000084000000| Untracked 
|  39|0x0000000084100000, 0x0000000084100000, 0x0000000084200000|  0%| F|  |TAMS 0x0000000084100000, 0x0000000084100000| Untracked 
|  40|0x0000000084200000, 0x0000000084200000, 0x0000000084300000|  0%| F|  |TAMS 0x0000000084200000, 0x0000000084200000| Untracked 
|  41|0x0000000084300000, 0x0000000084300000, 0x0000000084400000|  0%| F|  |TAMS 0x0000000084300000, 0x0000000084300000| Untracked 
|  42|0x0000000084400000, 0x0000000084400000, 0x0000000084500000|  0%| F|  |TAMS 0x0000000084400000, 0x0000000084400000| Untracked 
|  43|0x0000000084500000, 0x0000000084500000, 0x0000000084600000|  0%| F|  |TAMS 0x0000000084500000, 0x0000000084500000| Untracked 
|  44|0x0000000084600000, 0x0000000084600000, 0x0000000084700000|  0%| F|  |TAMS 0x0000000084600000, 0x0000000084600000| Untracked 
|  45|0x0000000084700000, 0x0000000084700000, 0x0000000084800000|  0%| F|  |TAMS 0x0000000084700000, 0x0000000084700000| Untracked 
|  46|0x0000000084800000, 0x0000000084800000, 0x0000000084900000|  0%| F|  |TAMS 0x0000000084800000, 0x0000000084800000| Untracked 
|  47|0x0000000084900000, 0x0000000084900000, 0x0000000084a00000|  0%| F|  |TAMS 0x0000000084900000, 0x0000000084900000| Untracked 
|  48|0x0000000084a00000, 0x0000000084a00000, 0x0000000084b00000|  0%| F|  |TAMS 0x0000000084a00000, 0x0000000084a00000| Untracked 
|  49|0x0000000084b00000, 0x0000000084b00000, 0x0000000084c00000|  0%| F|  |TAMS 0x0000000084b00000, 0x0000000084b00000| Untracked 
|  50|0x0000000084c00000, 0x0000000084c00000, 0x0000000084d00000|  0%| F|  |TAMS 0x0000000084c00000, 0x0000000084c00000| Untracked 
|  51|0x0000000084d00000, 0x0000000084d00000, 0x0000000084e00000|  0%| F|  |TAMS 0x0000000084d00000, 0x0000000084d00000| Untracked 
|  52|0x0000000084e00000, 0x0000000084e00000, 0x0000000084f00000|  0%| F|  |TAMS 0x0000000084e00000, 0x0000000084e00000| Untracked 
|  53|0x0000000084f00000, 0x0000000084f00000, 0x0000000085000000|  0%| F|  |TAMS 0x0000000084f00000, 0x0000000084f00000| Untracked 
|  54|0x0000000085000000, 0x0000000085000000, 0x0000000085100000|  0%| F|  |TAMS 0x0000000085000000, 0x0000000085000000| Untracked 
|  55|0x0000000085100000, 0x0000000085100000, 0x0000000085200000|  0%| F|  |TAMS 0x0000000085100000, 0x0000000085100000| Untracked 
|  56|0x0000000085200000, 0x0000000085200000, 0x0000000085300000|  0%| F|  |TAMS 0x0000000085200000, 0x0000000085200000| Untracked 
|  57|0x0000000085300000, 0x0000000085300000, 0x0000000085400000|  0%| F|  |TAMS 0x0000000085300000, 0x0000000085300000| Untracked 
|  58|0x0000000085400000, 0x0000000085400000, 0x0000000085500000|  0%| F|  |TAMS 0x0000000085400000, 0x0000000085400000| Untracked 
|  59|0x0000000085500000, 0x0000000085500000, 0x0000000085600000|  0%| F|  |TAMS 0x0000000085500000, 0x0000000085500000| Untracked 
|  60|0x0000000085600000, 0x0000000085600000, 0x0000000085700000|  0%| F|  |TAMS 0x0000000085600000, 0x0000000085600000| Untracked 
|  61|0x0000000085700000, 0x0000000085700000, 0x0000000085800000|  0%| F|  |TAMS 0x0000000085700000, 0x0000000085700000| Untracked 
|  62|0x0000000085800000, 0x0000000085800000, 0x0000000085900000|  0%| F|  |TAMS 0x0000000085800000, 0x0000000085800000| Untracked 
|  63|0x0000000085900000, 0x0000000085900000, 0x0000000085a00000|  0%| F|  |TAMS 0x0000000085900000, 0x0000000085900000| Untracked 
|  64|0x0000000085a00000, 0x0000000085a00000, 0x0000000085b00000|  0%| F|  |TAMS 0x0000000085a00000, 0x0000000085a00000| Untracked 
|  65|0x0000000085b00000, 0x0000000085b00000, 0x0000000085c00000|  0%| F|  |TAMS 0x0000000085b00000, 0x0000000085b00000| Untracked 
|  66|0x0000000085c00000, 0x0000000085c00000, 0x0000000085d00000|  0%| F|  |TAMS 0x0000000085c00000, 0x0000000085c00000| Untracked 
|  67|0x0000000085d00000, 0x0000000085d00000, 0x0000000085e00000|  0%| F|  |TAMS 0x0000000085d00000, 0x0000000085d00000| Untracked 
|  68|0x0000000085e00000, 0x0000000085e00000, 0x0000000085f00000|  0%| F|  |TAMS 0x0000000085e00000, 0x0000000085e00000| Untracked 
|  69|0x0000000085f00000, 0x0000000085f00000, 0x0000000086000000|  0%| F|  |TAMS 0x0000000085f00000, 0x0000000085f00000| Untracked 
|  70|0x0000000086000000, 0x0000000086000000, 0x0000000086100000|  0%| F|  |TAMS 0x0000000086000000, 0x0000000086000000| Untracked 
|  71|0x0000000086100000, 0x0000000086100000, 0x0000000086200000|  0%| F|  |TAMS 0x0000000086100000, 0x0000000086100000| Untracked 
|  72|0x0000000086200000, 0x0000000086200000, 0x0000000086300000|  0%| F|  |TAMS 0x0000000086200000, 0x0000000086200000| Untracked 
|  73|0x0000000086300000, 0x0000000086300000, 0x0000000086400000|  0%| F|  |TAMS 0x0000000086300000, 0x0000000086300000| Untracked 
|  74|0x0000000086400000, 0x0000000086400000, 0x0000000086500000|  0%| F|  |TAMS 0x0000000086400000, 0x0000000086400000| Untracked 
|  75|0x0000000086500000, 0x0000000086500000, 0x0000000086600000|  0%| F|  |TAMS 0x0000000086500000, 0x0000000086500000| Untracked 
|  76|0x0000000086600000, 0x0000000086600000, 0x0000000086700000|  0%| F|  |TAMS 0x0000000086600000, 0x0000000086600000| Untracked 
|  77|0x0000000086700000, 0x0000000086700000, 0x0000000086800000|  0%| F|  |TAMS 0x0000000086700000, 0x0000000086700000| Untracked 
|  78|0x0000000086800000, 0x0000000086800000, 0x0000000086900000|  0%| F|  |TAMS 0x0000000086800000, 0x0000000086800000| Untracked 
|  79|0x0000000086900000, 0x0000000086900000, 0x0000000086a00000|  0%| F|  |TAMS 0x0000000086900000, 0x0000000086900000| Untracked 
|  80|0x0000000086a00000, 0x0000000086a00000, 0x0000000086b00000|  0%| F|  |TAMS 0x0000000086a00000, 0x0000000086a00000| Untracked 
|  81|0x0000000086b00000, 0x0000000086b00000, 0x0000000086c00000|  0%| F|  |TAMS 0x0000000086b00000, 0x0000000086b00000| Untracked 
|  82|0x0000000086c00000, 0x0000000086c00000, 0x0000000086d00000|  0%| F|  |TAMS 0x0000000086c00000, 0x0000000086c00000| Untracked 
|  83|0x0000000086d00000, 0x0000000086d00000, 0x0000000086e00000|  0%| F|  |TAMS 0x0000000086d00000, 0x0000000086d00000| Untracked 
|  84|0x0000000086e00000, 0x0000000086e00000, 0x0000000086f00000|  0%| F|  |TAMS 0x0000000086e00000, 0x0000000086e00000| Untracked 
|  85|0x0000000086f00000, 0x0000000086f00000, 0x0000000087000000|  0%| F|  |TAMS 0x0000000086f00000, 0x0000000086f00000| Untracked 
|  86|0x0000000087000000, 0x0000000087000000, 0x0000000087100000|  0%| F|  |TAMS 0x0000000087000000, 0x0000000087000000| Untracked 
|  87|0x0000000087100000, 0x0000000087100000, 0x0000000087200000|  0%| F|  |TAMS 0x0000000087100000, 0x0000000087100000| Untracked 
|  88|0x0000000087200000, 0x0000000087200000, 0x0000000087300000|  0%| F|  |TAMS 0x0000000087200000, 0x0000000087200000| Untracked 
|  89|0x0000000087300000, 0x0000000087300000, 0x0000000087400000|  0%| F|  |TAMS 0x0000000087300000, 0x0000000087300000| Untracked 
|  90|0x0000000087400000, 0x0000000087400000, 0x0000000087500000|  0%| F|  |TAMS 0x0000000087400000, 0x0000000087400000| Untracked 
|  91|0x0000000087500000, 0x0000000087500000, 0x0000000087600000|  0%| F|  |TAMS 0x0000000087500000, 0x0000000087500000| Untracked 
|  92|0x0000000087600000, 0x0000000087600000, 0x0000000087700000|  0%| F|  |TAMS 0x0000000087600000, 0x0000000087600000| Untracked 
|  93|0x0000000087700000, 0x0000000087700000, 0x0000000087800000|  0%| F|  |TAMS 0x0000000087700000, 0x0000000087700000| Untracked 
|  94|0x0000000087800000, 0x0000000087800000, 0x0000000087900000|  0%| F|  |TAMS 0x0000000087800000, 0x0000000087800000| Untracked 
|  95|0x0000000087900000, 0x0000000087900000, 0x0000000087a00000|  0%| F|  |TAMS 0x0000000087900000, 0x0000000087900000| Untracked 
|  96|0x0000000087a00000, 0x0000000087a00000, 0x0000000087b00000|  0%| F|  |TAMS 0x0000000087a00000, 0x0000000087a00000| Untracked 
|  97|0x0000000087b00000, 0x0000000087b00000, 0x0000000087c00000|  0%| F|  |TAMS 0x0000000087b00000, 0x0000000087b00000| Untracked 
|  98|0x0000000087c00000, 0x0000000087c00000, 0x0000000087d00000|  0%| F|  |TAMS 0x0000000087c00000, 0x0000000087c00000| Untracked 
|  99|0x0000000087d00000, 0x0000000087d00000, 0x0000000087e00000|  0%| F|  |TAMS 0x0000000087d00000, 0x0000000087d00000| Untracked 
| 100|0x0000000087e00000, 0x0000000087e00000, 0x0000000087f00000|  0%| F|  |TAMS 0x0000000087e00000, 0x0000000087e00000| Untracked 
| 101|0x0000000087f00000, 0x0000000087f00000, 0x0000000088000000|  0%| F|  |TAMS 0x0000000087f00000, 0x0000000087f00000| Untracked 
| 102|0x0000000088000000, 0x0000000088000000, 0x0000000088100000|  0%| F|  |TAMS 0x0000000088000000, 0x0000000088000000| Untracked 
| 103|0x0000000088100000, 0x0000000088100000, 0x0000000088200000|  0%| F|  |TAMS 0x0000000088100000, 0x0000000088100000| Untracked 
| 104|0x0000000088200000, 0x0000000088200000, 0x0000000088300000|  0%| F|  |TAMS 0x0000000088200000, 0x0000000088200000| Untracked 
| 105|0x0000000088300000, 0x0000000088300000, 0x0000000088400000|  0%| F|  |TAMS 0x0000000088300000, 0x0000000088300000| Untracked 
| 106|0x0000000088400000, 0x0000000088400000, 0x0000000088500000|  0%| F|  |TAMS 0x0000000088400000, 0x0000000088400000| Untracked 
| 107|0x0000000088500000, 0x0000000088500000, 0x0000000088600000|  0%| F|  |TAMS 0x0000000088500000, 0x0000000088500000| Untracked 
| 108|0x0000000088600000, 0x0000000088600000, 0x0000000088700000|  0%| F|  |TAMS 0x0000000088600000, 0x0000000088600000| Untracked 
| 109|0x0000000088700000, 0x0000000088700000, 0x0000000088800000|  0%| F|  |TAMS 0x0000000088700000, 0x0000000088700000| Untracked 
| 110|0x0000000088800000, 0x0000000088800000, 0x0000000088900000|  0%| F|  |TAMS 0x0000000088800000, 0x0000000088800000| Untracked 
| 111|0x0000000088900000, 0x0000000088900000, 0x0000000088a00000|  0%| F|  |TAMS 0x0000000088900000, 0x0000000088900000| Untracked 
| 112|0x0000000088a00000, 0x0000000088a00000, 0x0000000088b00000|  0%| F|  |TAMS 0x0000000088a00000, 0x0000000088a00000| Untracked 
| 113|0x0000000088b00000, 0x0000000088b00000, 0x0000000088c00000|  0%| F|  |TAMS 0x0000000088b00000, 0x0000000088b00000| Untracked 
| 114|0x0000000088c00000, 0x0000000088c00000, 0x0000000088d00000|  0%| F|  |TAMS 0x0000000088c00000, 0x0000000088c00000| Untracked 
| 115|0x0000000088d00000, 0x0000000088d00000, 0x0000000088e00000|  0%| F|  |TAMS 0x0000000088d00000, 0x0000000088d00000| Untracked 
| 116|0x0000000088e00000, 0x0000000088e00000, 0x0000000088f00000|  0%| F|  |TAMS 0x0000000088e00000, 0x0000000088e00000| Untracked 
| 117|0x0000000088f00000, 0x0000000088f00000, 0x0000000089000000|  0%| F|  |TAMS 0x0000000088f00000, 0x0000000088f00000| Untracked 
| 118|0x0000000089000000, 0x0000000089000000, 0x0000000089100000|  0%| F|  |TAMS 0x0000000089000000, 0x0000000089000000| Untracked 
| 119|0x0000000089100000, 0x0000000089100000, 0x0000000089200000|  0%| F|  |TAMS 0x0000000089100000, 0x0000000089100000| Untracked 
| 120|0x0000000089200000, 0x0000000089200000, 0x0000000089300000|  0%| F|  |TAMS 0x0000000089200000, 0x0000000089200000| Untracked 
| 121|0x0000000089300000, 0x0000000089300000, 0x0000000089400000|  0%| F|  |TAMS 0x0000000089300000, 0x0000000089300000| Untracked 
| 122|0x0000000089400000, 0x0000000089400000, 0x0000000089500000|  0%| F|  |TAMS 0x0000000089400000, 0x0000000089400000| Untracked 
| 123|0x0000000089500000, 0x0000000089500000, 0x0000000089600000|  0%| F|  |TAMS 0x0000000089500000, 0x0000000089500000| Untracked 
| 124|0x0000000089600000, 0x0000000089600000, 0x0000000089700000|  0%| F|  |TAMS 0x0000000089600000, 0x0000000089600000| Untracked 
| 125|0x0000000089700000, 0x00000000897be050, 0x0000000089800000| 74%| S|  |TAMS 0x0000000089700000, 0x0000000089700000| Complete 
| 126|0x0000000089800000, 0x00000000898d7af0, 0x0000000089900000| 84%| E|CS|TAMS 0x0000000089800000, 0x00000000898d7af0| Complete 
| 127|0x0000000089900000, 0x0000000089a00000, 0x0000000089a00000|100%| E|CS|TAMS 0x0000000089900000, 0x0000000089a00000| Complete 

Card table byte_map: [0x000002089cbf0000,0x000002089cff0000] _byte_map_base: 0x000002089c7e3000

Marking Bits (Prev, Next): (CMBitMap*) 0x0000020889d41738, (CMBitMap*) 0x0000020889d41770
 Prev Bits: [0x000002089d3f0000, 0x000002089f388000)
 Next Bits: [0x000002089f390000, 0x00000208a1328000)

Polling page: 0x00000208894d0000

Metaspace:

Usage:
  Non-class:      5.24 MB capacity,     5.18 MB ( 99%) used,    57.15 KB (  1%) free+waste,     3.00 KB ( <1%) overhead. 
      Class:    505.00 KB capacity,   497.36 KB ( 98%) used,     6.20 KB (  1%) free+waste,     1.44 KB ( <1%) overhead. 
       Both:      5.73 MB capacity,     5.66 MB ( 99%) used,    63.35 KB (  1%) free+waste,     4.44 KB ( <1%) overhead. 

Virtual space:
  Non-class space:        8.00 MB reserved,       5.25 MB ( 66%) committed 
      Class space:        1.00 GB reserved,     512.00 KB ( <1%) committed 
             Both:        1.01 GB reserved,       5.75 MB ( <1%) committed 

Chunk freelists:
   Non-Class:  15.00 KB
       Class:  7.00 KB
        Both:  22.00 KB

MaxMetaspaceSize: 17179869184.00 GB
CompressedClassSpaceSize: 1.00 GB

CodeHeap 'non-profiled nmethods': size=120064Kb used=50Kb max_used=50Kb free=120013Kb
 bounds [0x00000208952b0000, 0x0000020895520000, 0x000002089c7f0000]
CodeHeap 'profiled nmethods': size=120000Kb used=233Kb max_used=233Kb free=119766Kb
 bounds [0x000002088dd80000, 0x000002088dff0000, 0x00000208952b0000]
CodeHeap 'non-nmethods': size=5696Kb used=1053Kb max_used=1064Kb free=4643Kb
 bounds [0x000002088d7f0000, 0x000002088da60000, 0x000002088dd80000]
 total_blobs=540 nmethods=198 adapters=254
 compilation: enabled
              stopped_count=0, restarted_count=0
 full_count=0

Compilation events (20 events):
Event: 0.194 Thread 0x00000208a385f800 nmethod 182 0x000002088ddb4310 code [0x000002088ddb44e0, 0x000002088ddb46e8]
Event: 0.195 Thread 0x00000208a385f800  185       3       java.lang.invoke.MemberName::testAllFlags (7 bytes)
Event: 0.195 Thread 0x00000208a385f800 nmethod 185 0x000002088ddb4810 code [0x000002088ddb49c0, 0x000002088ddb4b78]
Event: 0.195 Thread 0x00000208a385f800  180       3       java.lang.invoke.MethodType::makeImpl (108 bytes)
Event: 0.195 Thread 0x00000208a385f800 nmethod 180 0x000002088ddb4c10 code [0x000002088ddb4ee0, 0x000002088ddb5cd8]
Event: 0.195 Thread 0x00000208a385f800  181       3       java.lang.invoke.MethodType$ConcurrentWeakInternSet::get (54 bytes)
Event: 0.196 Thread 0x00000208a385f800 nmethod 181 0x000002088ddb6190 code [0x000002088ddb6400, 0x000002088ddb70b8]
Event: 0.196 Thread 0x00000208a385f800  186       3       java.lang.invoke.LambdaForm$Name::initIndex (26 bytes)
Event: 0.197 Thread 0x00000208a385f800 nmethod 186 0x000002088ddb7490 code [0x000002088ddb7640, 0x000002088ddb77d8]
Event: 0.197 Thread 0x00000208a385f800  188       3       sun.invoke.util.Wrapper::forPrimitiveType (49 bytes)
Event: 0.198 Thread 0x00000208a385f800 nmethod 188 0x000002088ddb7890 code [0x000002088ddb7c20, 0x000002088ddb9148]
Event: 0.198 Thread 0x00000208a385f800  195       3       java.lang.invoke.LambdaForm$Name::useCount (42 bytes)
Event: 0.198 Thread 0x00000208a385f800 nmethod 195 0x000002088ddb9910 code [0x000002088ddb9ae0, 0x000002088ddb9dd8]
Event: 0.198 Thread 0x00000208a385f800  192       3       java.util.ImmutableCollections$ListN::get (7 bytes)
Event: 0.198 Thread 0x00000208a385f800 nmethod 192 0x000002088ddb9f10 code [0x000002088ddba0c0, 0x000002088ddba1f8]
Event: 0.198 Thread 0x00000208a385f800  191       3       java.util.ImmutableCollections$ListN::size (6 bytes)
Event: 0.198 Thread 0x00000208a385f800 nmethod 191 0x000002088ddba290 code [0x000002088ddba440, 0x000002088ddba558]
Event: 0.198 Thread 0x00000208a385f800  189       3       jdk.internal.org.objectweb.asm.Frame::execute (2264 bytes)
Event: 0.199 Thread 0x00000208a385c000  200       4       java.lang.StringLatin1::charAt (28 bytes)
Event: 0.200 Thread 0x00000208a385c000 nmethod 200 0x00000208952bc790 code [0x00000208952bc920, 0x00000208952bc998]

GC Heap History (0 events):
No events

Deoptimization events (4 events):
Event: 0.114 Thread 0x0000020889d00000 Uncommon trap: trap_request=0xffffff4d fr.pc=0x00000208952b3bfc relative=0x00000000000001dc
Event: 0.114 Thread 0x0000020889d00000 Uncommon trap: reason=unstable_if action=reinterpret pc=0x00000208952b3bfc method=java.lang.String.hashCode()I @ 14 c2
Event: 0.114 Thread 0x0000020889d00000 DEOPT PACKING pc=0x00000208952b3bfc sp=0x0000004bf4bfd6f0
Event: 0.114 Thread 0x0000020889d00000 DEOPT UNPACKING pc=0x000002088d81662f sp=0x0000004bf4bfd688 mode 2

Classes redefined (0 events):
No events

Internal exceptions (0 events):
No events

Events (20 events):
Event: 0.192 loading class java/lang/Byte$ByteCache done
Event: 0.194 loading class java/lang/invoke/MethodHandles$1
Event: 0.194 loading class java/lang/invoke/MethodHandles$1 done
Event: 0.194 loading class java/lang/invoke/BoundMethodHandle$Species_LLLLLLI
Event: 0.194 loading class java/lang/invoke/BoundMethodHandle$Species_LLLLLLI done
Event: 0.196 loading class sun/invoke/util/ValueConversions$WrapperCache
Event: 0.196 loading class sun/invoke/util/ValueConversions$WrapperCache done
Event: 0.196 loading class java/lang/invoke/BoundMethodHandle$Species_LLLLLLII
Event: 0.196 loading class java/lang/invoke/BoundMethodHandle$Species_LLLLLLII done
Event: 0.198 loading class java/lang/invoke/BoundMethodHandle$Species_LLLLLLIIL
Event: 0.198 loading class java/lang/invoke/BoundMethodHandle$Species_LLLLLLIIL done
Event: 0.201 loading class java/net/URL$2
Event: 0.201 loading class java/net/URL$2 done
Event: 0.201 loading class java/net/URL$1
Event: 0.201 loading class java/net/URL$1 done
Event: 0.201 loading class java/net/spi/URLStreamHandlerProvider
Event: 0.201 loading class java/net/spi/URLStreamHandlerProvider done
Event: 0.201 loading class java/util/ServiceLoader
Event: 0.202 loading class java/util/ServiceLoader done
Event: 0.202 loading class java/util/ServiceLoader$ModuleServicesLookupIterator


Dynamic libraries:
0x00007ff7df500000 - 0x00007ff7df50a000 	C:\Program Files\Android\Android Studio\jre\bin\java.exe
0x00007ffa1aa80000 - 0x00007ffa1ac6d000 	C:\Windows\SYSTEM32\ntdll.dll
0x00007ffa1a0f0000 - 0x00007ffa1a1a3000 	C:\Windows\System32\KERNEL32.DLL
0x00007ffa16b30000 - 0x00007ffa16dc5000 	C:\Windows\System32\KERNELBASE.dll
0x00007ffa17590000 - 0x00007ffa1768a000 	C:\Windows\System32\ucrtbase.dll
0x00007ffa0e960000 - 0x00007ffa0e977000 	C:\Program Files\Android\Android Studio\jre\bin\VCRUNTIME140.dll
0x00007ffa107c0000 - 0x00007ffa107d9000 	C:\Program Files\Android\Android Studio\jre\bin\jli.dll
0x00007ffa18470000 - 0x00007ffa18607000 	C:\Windows\System32\USER32.dll
0x00007ffa176e0000 - 0x00007ffa17700000 	C:\Windows\System32\win32u.dll
0x00007ffa182b0000 - 0x00007ffa182d9000 	C:\Windows\System32\GDI32.dll
0x00007ffa04970000 - 0x00007ffa04be9000 	C:\Windows\WinSxS\amd64_microsoft.windows.common-controls_6595b64144ccf1df_6.0.17763.1577_none_de7444545348a3d0\COMCTL32.dll
0x00007ffa17720000 - 0x00007ffa178bc000 	C:\Windows\System32\gdi32full.dll
0x00007ffa1a800000 - 0x00007ffa1a89e000 	C:\Windows\System32\msvcrt.dll
0x00007ffa178c0000 - 0x00007ffa17960000 	C:\Windows\System32\msvcp_win.dll
0x00007ffa1a4b0000 - 0x00007ffa1a7dd000 	C:\Windows\System32\combase.dll
0x00007ffa182e0000 - 0x00007ffa18402000 	C:\Windows\System32\RPCRT4.dll
0x00007ffa17a10000 - 0x00007ffa17a8e000 	C:\Windows\System32\bcryptPrimitives.dll
0x00007ffa19d60000 - 0x00007ffa19d8e000 	C:\Windows\System32\IMM32.DLL
0x00007ffa013d0000 - 0x00007ffa0146d000 	C:\Program Files\Android\Android Studio\jre\bin\msvcp140.dll
0x00007ff9c6160000 - 0x00007ff9c6c35000 	C:\Program Files\Android\Android Studio\jre\bin\server\jvm.dll
0x00007ffa1a040000 - 0x00007ffa1a0e3000 	C:\Windows\System32\ADVAPI32.dll
0x00007ffa19fa0000 - 0x00007ffa1a03e000 	C:\Windows\System32\sechost.dll
0x00007ffa187f0000 - 0x00007ffa187f8000 	C:\Windows\System32\PSAPI.DLL
0x00007ffa13200000 - 0x00007ffa13209000 	C:\Windows\SYSTEM32\WSOCK32.dll
0x00007ffa136c0000 - 0x00007ffa136e4000 	C:\Windows\SYSTEM32\WINMM.dll
0x00007ffa1a230000 - 0x00007ffa1a29d000 	C:\Windows\System32\WS2_32.dll
0x00007ffa09580000 - 0x00007ffa0958a000 	C:\Windows\SYSTEM32\VERSION.dll
0x00007ffa13690000 - 0x00007ffa136bd000 	C:\Windows\SYSTEM32\winmmbase.dll
0x00007ffa17690000 - 0x00007ffa176da000 	C:\Windows\System32\cfgmgr32.dll
0x00007ffa16a90000 - 0x00007ffa16aa1000 	C:\Windows\System32\kernel.appcore.dll
0x00007ffa0e940000 - 0x00007ffa0e951000 	C:\Program Files\Android\Android Studio\jre\bin\verify.dll
0x00007ffa12dd0000 - 0x00007ffa12fbd000 	C:\Windows\SYSTEM32\DBGHELP.DLL
0x00007ffa09590000 - 0x00007ffa095ba000 	C:\Windows\SYSTEM32\dbgcore.DLL
0x00007ffa01f30000 - 0x00007ffa01f59000 	C:\Program Files\Android\Android Studio\jre\bin\java.dll
0x00007ffa0ed80000 - 0x00007ffa0ed8b000 	C:\Program Files\Android\Android Studio\jre\bin\jimage.dll
0x00007ffa01f10000 - 0x00007ffa01f28000 	C:\Program Files\Android\Android Studio\jre\bin\zip.dll
0x00007ffa18860000 - 0x00007ffa19d59000 	C:\Windows\System32\SHELL32.dll
0x00007ffa18610000 - 0x00007ffa186b8000 	C:\Windows\System32\shcore.dll
0x00007ffa16dd0000 - 0x00007ffa17523000 	C:\Windows\System32\windows.storage.dll
0x00007ffa16a60000 - 0x00007ffa16a84000 	C:\Windows\System32\profapi.dll
0x00007ffa16ab0000 - 0x00007ffa16b0d000 	C:\Windows\System32\powrprof.dll
0x00007ffa18800000 - 0x00007ffa18852000 	C:\Windows\System32\shlwapi.dll
0x00007ffa17700000 - 0x00007ffa17717000 	C:\Windows\System32\cryptsp.dll
0x00007ffa01490000 - 0x00007ffa014aa000 	C:\Program Files\Android\Android Studio\jre\bin\net.dll
0x00007ffa086b0000 - 0x00007ffa087a4000 	C:\Windows\SYSTEM32\WINHTTP.dll
0x00007ffa16270000 - 0x00007ffa162d7000 	C:\Windows\system32\mswsock.dll
0x00007ffa01470000 - 0x00007ffa01484000 	C:\Program Files\Android\Android Studio\jre\bin\nio.dll

dbghelp: loaded successfully - version: 4.0.5 - missing functions: none
symbol engine: initialized successfully - sym options: 0x614 - pdb path: .;C:\Program Files\Android\Android Studio\jre\bin;C:\Windows\SYSTEM32;C:\Windows\WinSxS\amd64_microsoft.windows.common-controls_6595b64144ccf1df_6.0.17763.1577_none_de7444545348a3d0;C:\Program Files\Android\Android Studio\jre\bin\server

VM Arguments:
java_command: org.jetbrains.git4idea.http.GitAskPassApp Username for 'https://github.com': 
java_class_path (initial): C:/Program Files/Android/Android Studio/plugins/git4idea/lib/git4idea-rt.jar;C:/Program Files/Android/Android Studio/lib/xmlrpc-2.0.1.jar;C:/Program Files/Android/Android Studio/lib/commons-codec-1.15.jar
Launcher Type: SUN_STANDARD

[Global flags]
     intx CICompilerCount                          = 3                                         {product} {ergonomic}
     uint ConcGCThreads                            = 1                                         {product} {ergonomic}
     uint G1ConcRefinementThreads                  = 4                                         {product} {ergonomic}
   size_t G1HeapRegionSize                         = 1048576                                   {product} {ergonomic}
    uintx GCDrainStackTargetSize                   = 64                                        {product} {ergonomic}
   size_t InitialHeapSize                          = 134217728                                 {product} {ergonomic}
   size_t MarkStackSize                            = 4194304                                   {product} {ergonomic}
   size_t MaxHeapSize                              = 2120220672                                {product} {ergonomic}
   size_t MaxNewSize                               = 1271922688                                {product} {ergonomic}
   size_t MinHeapDeltaBytes                        = 1048576                                   {product} {ergonomic}
    uintx NonNMethodCodeHeapSize                   = 5830732                                {pd product} {ergonomic}
    uintx NonProfiledCodeHeapSize                  = 122913754                              {pd product} {ergonomic}
    uintx ProfiledCodeHeapSize                     = 122913754                              {pd product} {ergonomic}
    uintx ReservedCodeCacheSize                    = 251658240                              {pd product} {ergonomic}
     bool SegmentedCodeCache                       = true                                      {product} {ergonomic}
     bool UseCompressedClassPointers               = true                                 {lp64_product} {ergonomic}
     bool UseCompressedOops                        = true                                 {lp64_product} {ergonomic}
     bool UseG1GC                                  = true                                      {product} {ergonomic}
     bool UseLargePagesIndividualAllocation        = false                                  {pd product} {ergonomic}

Logging:
Log output configuration:
 #0: stdout all=warning uptime,level,tags
 #1: stderr all=off uptime,level,tags

Environment Variables:
PATH=C:\Program Files\Git\mingw64\libexec\git-core;C:\Program Files\Git\mingw64\libexec\git-core;C:\Program Files\Git\mingw64\bin;C:\Program Files\Git\usr\bin;C:\Users\CodeStation7\bin;C:\Program Files (x86)\Google\Chrome\Application;C:\Windows\system32;C:\Windows;C:\Windows\System32\Wbem;C:\Windows\System32\WindowsPowerShell\v1.0;C:\Windows\System32\OpenSSH;C:\Program Files\Git\cmd;C:\Users\CodeStation7\AppData\Local\Microsoft\WindowsApps
USERNAME=CodeStation7
DISPLAY=:0.0
LC_ALL=en_US.UTF-8
OS=Windows_NT
PROCESSOR_IDENTIFIER=Intel64 Family 6 Model 61 Stepping 4, GenuineIntel



---------------  S Y S T E M  ---------------

OS: Windows 10 , 64 bit Build 17763 (10.0.17763.475)
OS uptime: 2 days 17:54 hours

CPU:total 4 (initial active 4) (2 cores per cpu, 2 threads per core) family 6 model 61 stepping 4 microcode 0x2b, cmov, cx8, fxsr, mmx, sse, sse2, sse3, ssse3, sse4.1, sse4.2, popcnt, avx, avx2, aes, clmul, erms, rtm, 3dnowpref, lzcnt, ht, tsc, tscinvbit, bmi1, bmi2, adx, fma

Memory: 4k page, system-wide physical 8083M (1184M free)
TotalPageFile size 9989M (AvailPageFile size 2M)
current process WorkingSet (physical memory assigned to process): 37M, peak: 37M
current process commit charge ("private bytes"): 196M, peak: 196M

vm_info: OpenJDK 64-Bit Server VM (11.0.11+9-b60-7590822) for windows-amd64 JRE (11.0.11+9-b60-7590822), built on Jul 29 2021 21:43:44 by "builder" with MS VC++ 14.0 (VS2015)

END.
